<?xml version="1.0" encoding="UTF-8"?>
<!-- Generated by org.testng.reporters.JUnitReportReporter -->
<testsuite hostname="DESKTOP-VB489D6" failures="0" tests="4" name="bala.LibraryAPI" time="7.475" errors="0" timestamp="2023-11-30T16:03:23 IST" skipped="0">
  <testcase classname="bala.LibraryAPI" name="addapi" time="5.115"/>
  <testcase classname="bala.LibraryAPI" name="addapi" time="0.706"/>
  <testcase classname="bala.LibraryAPI" name="addapi" time="0.795"/>
  <testcase classname="bala.LibraryAPI" name="addapi" time="0.859"/>
</testsuite> <!-- bala.LibraryAPI -->
